This is pdfTeX, Version 3.1415926-2.5-1.40.14 (TeX Live 2013) (format=pdflatex 2013.11.26)  11 DEC 2013 13:23
entering extended mode
 restricted \write18 enabled.
 %&-line parsing enabled.
**chapter.tex
(./chapter.tex
LaTeX2e <2011/06/27>
Babel <3.9g> and hyphenation patterns for 78 languages loaded.

(/apps/applications/texlive/2013/1/default/2013/texmf-dist/tex/latex/base/artic
le.cls
Document Class: article 2007/10/19 v1.4h Standard LaTeX document class

(/apps/applications/texlive/2013/1/default/2013/texmf-dist/tex/latex/base/size1
0.clo
File: size10.clo 2007/10/19 v1.4h Standard LaTeX file (size option)
)
\c@part=\count79
\c@section=\count80
\c@subsection=\count81
\c@subsubsection=\count82
\c@paragraph=\count83
\c@subparagraph=\count84
\c@figure=\count85
\c@table=\count86
\abovecaptionskip=\skip41
\belowcaptionskip=\skip42
\bibindent=\dimen102
)
(/apps/applications/texlive/2013/1/default/2013/texmf-dist/tex/latex/base/fonte
nc.sty
Package: fontenc 2005/09/27 v1.99g Standard LaTeX package

(/apps/applications/texlive/2013/1/default/2013/texmf-dist/tex/latex/base/t1enc
.def
File: t1enc.def 2005/09/27 v1.99g Standard LaTeX file
LaTeX Font Info:    Redeclaring font encoding T1 on input line 43.
))
(/apps/applications/texlive/2013/1/default/2013/texmf-dist/tex/latex/lm/lmodern
.sty
Package: lmodern 2009/10/30 v1.6 Latin Modern Fonts
LaTeX Font Info:    Overwriting symbol font `operators' in version `normal'
(Font)                  OT1/cmr/m/n --> OT1/lmr/m/n on input line 22.
LaTeX Font Info:    Overwriting symbol font `letters' in version `normal'
(Font)                  OML/cmm/m/it --> OML/lmm/m/it on input line 23.
LaTeX Font Info:    Overwriting symbol font `symbols' in version `normal'
(Font)                  OMS/cmsy/m/n --> OMS/lmsy/m/n on input line 24.
LaTeX Font Info:    Overwriting symbol font `largesymbols' in version `normal'
(Font)                  OMX/cmex/m/n --> OMX/lmex/m/n on input line 25.
LaTeX Font Info:    Overwriting symbol font `operators' in version `bold'
(Font)                  OT1/cmr/bx/n --> OT1/lmr/bx/n on input line 26.
LaTeX Font Info:    Overwriting symbol font `letters' in version `bold'
(Font)                  OML/cmm/b/it --> OML/lmm/b/it on input line 27.
LaTeX Font Info:    Overwriting symbol font `symbols' in version `bold'
(Font)                  OMS/cmsy/b/n --> OMS/lmsy/b/n on input line 28.
LaTeX Font Info:    Overwriting symbol font `largesymbols' in version `bold'
(Font)                  OMX/cmex/m/n --> OMX/lmex/m/n on input line 29.
LaTeX Font Info:    Overwriting math alphabet `\mathbf' in version `normal'
(Font)                  OT1/cmr/bx/n --> OT1/lmr/bx/n on input line 31.
LaTeX Font Info:    Overwriting math alphabet `\mathsf' in version `normal'
(Font)                  OT1/cmss/m/n --> OT1/lmss/m/n on input line 32.
LaTeX Font Info:    Overwriting math alphabet `\mathit' in version `normal'
(Font)                  OT1/cmr/m/it --> OT1/lmr/m/it on input line 33.
LaTeX Font Info:    Overwriting math alphabet `\mathtt' in version `normal'
(Font)                  OT1/cmtt/m/n --> OT1/lmtt/m/n on input line 34.
LaTeX Font Info:    Overwriting math alphabet `\mathbf' in version `bold'
(Font)                  OT1/cmr/bx/n --> OT1/lmr/bx/n on input line 35.
LaTeX Font Info:    Overwriting math alphabet `\mathsf' in version `bold'
(Font)                  OT1/cmss/bx/n --> OT1/lmss/bx/n on input line 36.
LaTeX Font Info:    Overwriting math alphabet `\mathit' in version `bold'
(Font)                  OT1/cmr/bx/it --> OT1/lmr/bx/it on input line 37.
LaTeX Font Info:    Overwriting math alphabet `\mathtt' in version `bold'
(Font)                  OT1/cmtt/m/n --> OT1/lmtt/m/n on input line 38.
)
(/apps/applications/texlive/2013/1/default/2013/texmf-dist/tex/latex/amsfonts/a
mssymb.sty
Package: amssymb 2013/01/14 v3.01 AMS font symbols

(/apps/applications/texlive/2013/1/default/2013/texmf-dist/tex/latex/amsfonts/a
msfonts.sty
Package: amsfonts 2013/01/14 v3.01 Basic AMSFonts support
\@emptytoks=\toks14
\symAMSa=\mathgroup4
\symAMSb=\mathgroup5
LaTeX Font Info:    Overwriting math alphabet `\mathfrak' in version `bold'
(Font)                  U/euf/m/n --> U/euf/b/n on input line 106.
))
(/apps/applications/texlive/2013/1/default/2013/texmf-dist/tex/latex/amsmath/am
smath.sty
Package: amsmath 2013/01/14 v2.14 AMS math features
\@mathmargin=\skip43

For additional information on amsmath, use the `?' option.

(/apps/applications/texlive/2013/1/default/2013/texmf-dist/tex/latex/amsmath/am
stext.sty
Package: amstext 2000/06/29 v2.01

(/apps/applications/texlive/2013/1/default/2013/texmf-dist/tex/latex/amsmath/am
sgen.sty
File: amsgen.sty 1999/11/30 v2.0
\@emptytoks=\toks15
\ex@=\dimen103
))
(/apps/applications/texlive/2013/1/default/2013/texmf-dist/tex/latex/amsmath/am
sbsy.sty
Package: amsbsy 1999/11/29 v1.2d
\pmbraise@=\dimen104
)
(/apps/applications/texlive/2013/1/default/2013/texmf-dist/tex/latex/amsmath/am
sopn.sty
Package: amsopn 1999/12/14 v2.01 operator names
)
\inf@bad=\count87
LaTeX Info: Redefining \frac on input line 210.
\uproot@=\count88
\leftroot@=\count89
LaTeX Info: Redefining \overline on input line 306.
\classnum@=\count90
\DOTSCASE@=\count91
LaTeX Info: Redefining \ldots on input line 378.
LaTeX Info: Redefining \dots on input line 381.
LaTeX Info: Redefining \cdots on input line 466.
\Mathstrutbox@=\box26
\strutbox@=\box27
\big@size=\dimen105
LaTeX Font Info:    Redeclaring font encoding OML on input line 566.
LaTeX Font Info:    Redeclaring font encoding OMS on input line 567.
\macc@depth=\count92
\c@MaxMatrixCols=\count93
\dotsspace@=\muskip10
\c@parentequation=\count94
\dspbrk@lvl=\count95
\tag@help=\toks16
\row@=\count96
\column@=\count97
\maxfields@=\count98
\andhelp@=\toks17
\eqnshift@=\dimen106
\alignsep@=\dimen107
\tagshift@=\dimen108
\tagwidth@=\dimen109
\totwidth@=\dimen110
\lineht@=\dimen111
\@envbody=\toks18
\multlinegap=\skip44
\multlinetaggap=\skip45
\mathdisplay@stack=\toks19
LaTeX Info: Redefining \[ on input line 2665.
LaTeX Info: Redefining \] on input line 2666.
)
(/apps/applications/texlive/2013/1/default/2013/texmf-dist/tex/generic/ifxetex/
ifxetex.sty
Package: ifxetex 2010/09/12 v0.6 Provides ifxetex conditional
)
(/apps/applications/texlive/2013/1/default/2013/texmf-dist/tex/latex/base/fixlt
x2e.sty
Package: fixltx2e 2006/09/13 v1.1m fixes to LaTeX
LaTeX Info: Redefining \em on input line 420.
LaTeX Info: The control sequence `\[' is already robust on input line 471.
LaTeX Info: The control sequence `\]' is already robust on input line 472.
)
(/apps/applications/texlive/2013/1/default/2013/texmf-dist/tex/latex/microtype/
microtype.sty
Package: microtype 2013/05/23 v2.5a Micro-typographical refinements (RS)

(/apps/applications/texlive/2013/1/default/2013/texmf-dist/tex/latex/graphics/k
eyval.sty
Package: keyval 1999/03/16 v1.13 key=value parser (DPC)
\KV@toks@=\toks20
)
\MT@toks=\toks21
\MT@count=\count99
LaTeX Info: Redefining \textls on input line 766.
\MT@outer@kern=\dimen112
LaTeX Info: Redefining \textmicrotypecontext on input line 1285.
\MT@listname@count=\count100

(/apps/applications/texlive/2013/1/default/2013/texmf-dist/tex/latex/microtype/
microtype-pdftex.def
File: microtype-pdftex.def 2013/05/23 v2.5a Definitions specific to pdftex (RS)

LaTeX Info: Redefining \lsstyle on input line 915.
LaTeX Info: Redefining \lslig on input line 915.
\MT@outer@space=\skip46
)
Package microtype Info: Loading configuration file microtype.cfg.

(/apps/applications/texlive/2013/1/default/2013/texmf-dist/tex/latex/microtype/
microtype.cfg
File: microtype.cfg 2013/05/23 v2.5a microtype main configuration file (RS)
))
(/apps/applications/texlive/2013/1/default/2013/texmf-dist/tex/latex/base/input
enc.sty
Package: inputenc 2008/03/30 v1.1d Input encoding file
\inpenc@prehook=\toks22
\inpenc@posthook=\toks23

(/apps/applications/texlive/2013/1/default/2013/texmf-dist/tex/latex/base/utf8.
def
File: utf8.def 2008/04/05 v1.1m UTF-8 support for inputenc
Now handling font encoding OML ...
... no UTF-8 mapping file for font encoding OML
Now handling font encoding T1 ...
... processing UTF-8 mapping file for font encoding T1

(/apps/applications/texlive/2013/1/default/2013/texmf-dist/tex/latex/base/t1enc
.dfu
File: t1enc.dfu 2008/04/05 v1.1m UTF-8 support for inputenc
   defining Unicode char U+00A1 (decimal 161)
   defining Unicode char U+00A3 (decimal 163)
   defining Unicode char U+00AB (decimal 171)
   defining Unicode char U+00BB (decimal 187)
   defining Unicode char U+00BF (decimal 191)
   defining Unicode char U+00C0 (decimal 192)
   defining Unicode char U+00C1 (decimal 193)
   defining Unicode char U+00C2 (decimal 194)
   defining Unicode char U+00C3 (decimal 195)
   defining Unicode char U+00C4 (decimal 196)
   defining Unicode char U+00C5 (decimal 197)
   defining Unicode char U+00C6 (decimal 198)
   defining Unicode char U+00C7 (decimal 199)
   defining Unicode char U+00C8 (decimal 200)
   defining Unicode char U+00C9 (decimal 201)
   defining Unicode char U+00CA (decimal 202)
   defining Unicode char U+00CB (decimal 203)
   defining Unicode char U+00CC (decimal 204)
   defining Unicode char U+00CD (decimal 205)
   defining Unicode char U+00CE (decimal 206)
   defining Unicode char U+00CF (decimal 207)
   defining Unicode char U+00D0 (decimal 208)
   defining Unicode char U+00D1 (decimal 209)
   defining Unicode char U+00D2 (decimal 210)
   defining Unicode char U+00D3 (decimal 211)
   defining Unicode char U+00D4 (decimal 212)
   defining Unicode char U+00D5 (decimal 213)
   defining Unicode char U+00D6 (decimal 214)
   defining Unicode char U+00D8 (decimal 216)
   defining Unicode char U+00D9 (decimal 217)
   defining Unicode char U+00DA (decimal 218)
   defining Unicode char U+00DB (decimal 219)
   defining Unicode char U+00DC (decimal 220)
   defining Unicode char U+00DD (decimal 221)
   defining Unicode char U+00DE (decimal 222)
   defining Unicode char U+00DF (decimal 223)
   defining Unicode char U+00E0 (decimal 224)
   defining Unicode char U+00E1 (decimal 225)
   defining Unicode char U+00E2 (decimal 226)
   defining Unicode char U+00E3 (decimal 227)
   defining Unicode char U+00E4 (decimal 228)
   defining Unicode char U+00E5 (decimal 229)
   defining Unicode char U+00E6 (decimal 230)
   defining Unicode char U+00E7 (decimal 231)
   defining Unicode char U+00E8 (decimal 232)
   defining Unicode char U+00E9 (decimal 233)
   defining Unicode char U+00EA (decimal 234)
   defining Unicode char U+00EB (decimal 235)
   defining Unicode char U+00EC (decimal 236)
   defining Unicode char U+00ED (decimal 237)
   defining Unicode char U+00EE (decimal 238)
   defining Unicode char U+00EF (decimal 239)
   defining Unicode char U+00F0 (decimal 240)
   defining Unicode char U+00F1 (decimal 241)
   defining Unicode char U+00F2 (decimal 242)
   defining Unicode char U+00F3 (decimal 243)
   defining Unicode char U+00F4 (decimal 244)
   defining Unicode char U+00F5 (decimal 245)
   defining Unicode char U+00F6 (decimal 246)
   defining Unicode char U+00F8 (decimal 248)
   defining Unicode char U+00F9 (decimal 249)
   defining Unicode char U+00FA (decimal 250)
   defining Unicode char U+00FB (decimal 251)
   defining Unicode char U+00FC (decimal 252)
   defining Unicode char U+00FD (decimal 253)
   defining Unicode char U+00FE (decimal 254)
   defining Unicode char U+00FF (decimal 255)
   defining Unicode char U+0102 (decimal 258)
   defining Unicode char U+0103 (decimal 259)
   defining Unicode char U+0104 (decimal 260)
   defining Unicode char U+0105 (decimal 261)
   defining Unicode char U+0106 (decimal 262)
   defining Unicode char U+0107 (decimal 263)
   defining Unicode char U+010C (decimal 268)
   defining Unicode char U+010D (decimal 269)
   defining Unicode char U+010E (decimal 270)
   defining Unicode char U+010F (decimal 271)
   defining Unicode char U+0110 (decimal 272)
   defining Unicode char U+0111 (decimal 273)
   defining Unicode char U+0118 (decimal 280)
   defining Unicode char U+0119 (decimal 281)
   defining Unicode char U+011A (decimal 282)
   defining Unicode char U+011B (decimal 283)
   defining Unicode char U+011E (decimal 286)
   defining Unicode char U+011F (decimal 287)
   defining Unicode char U+0130 (decimal 304)
   defining Unicode char U+0131 (decimal 305)
   defining Unicode char U+0132 (decimal 306)
   defining Unicode char U+0133 (decimal 307)
   defining Unicode char U+0139 (decimal 313)
   defining Unicode char U+013A (decimal 314)
   defining Unicode char U+013D (decimal 317)
   defining Unicode char U+013E (decimal 318)
   defining Unicode char U+0141 (decimal 321)
   defining Unicode char U+0142 (decimal 322)
   defining Unicode char U+0143 (decimal 323)
   defining Unicode char U+0144 (decimal 324)
   defining Unicode char U+0147 (decimal 327)
   defining Unicode char U+0148 (decimal 328)
   defining Unicode char U+014A (decimal 330)
   defining Unicode char U+014B (decimal 331)
   defining Unicode char U+0150 (decimal 336)
   defining Unicode char U+0151 (decimal 337)
   defining Unicode char U+0152 (decimal 338)
   defining Unicode char U+0153 (decimal 339)
   defining Unicode char U+0154 (decimal 340)
   defining Unicode char U+0155 (decimal 341)
   defining Unicode char U+0158 (decimal 344)
   defining Unicode char U+0159 (decimal 345)
   defining Unicode char U+015A (decimal 346)
   defining Unicode char U+015B (decimal 347)
   defining Unicode char U+015E (decimal 350)
   defining Unicode char U+015F (decimal 351)
   defining Unicode char U+0160 (decimal 352)
   defining Unicode char U+0161 (decimal 353)
   defining Unicode char U+0162 (decimal 354)
   defining Unicode char U+0163 (decimal 355)
   defining Unicode char U+0164 (decimal 356)
   defining Unicode char U+0165 (decimal 357)
   defining Unicode char U+016E (decimal 366)
   defining Unicode char U+016F (decimal 367)
   defining Unicode char U+0170 (decimal 368)
   defining Unicode char U+0171 (decimal 369)
   defining Unicode char U+0178 (decimal 376)
   defining Unicode char U+0179 (decimal 377)
   defining Unicode char U+017A (decimal 378)
   defining Unicode char U+017B (decimal 379)
   defining Unicode char U+017C (decimal 380)
   defining Unicode char U+017D (decimal 381)
   defining Unicode char U+017E (decimal 382)
   defining Unicode char U+200C (decimal 8204)
   defining Unicode char U+2013 (decimal 8211)
   defining Unicode char U+2014 (decimal 8212)
   defining Unicode char U+2018 (decimal 8216)
   defining Unicode char U+2019 (decimal 8217)
   defining Unicode char U+201A (decimal 8218)
   defining Unicode char U+201C (decimal 8220)
   defining Unicode char U+201D (decimal 8221)
   defining Unicode char U+201E (decimal 8222)
   defining Unicode char U+2030 (decimal 8240)
   defining Unicode char U+2031 (decimal 8241)
   defining Unicode char U+2039 (decimal 8249)
   defining Unicode char U+203A (decimal 8250)
   defining Unicode char U+2423 (decimal 9251)
)
Now handling font encoding OT1 ...
... processing UTF-8 mapping file for font encoding OT1

(/apps/applications/texlive/2013/1/default/2013/texmf-dist/tex/latex/base/ot1en
c.dfu
File: ot1enc.dfu 2008/04/05 v1.1m UTF-8 support for inputenc
   defining Unicode char U+00A1 (decimal 161)
   defining Unicode char U+00A3 (decimal 163)
   defining Unicode char U+00B8 (decimal 184)
   defining Unicode char U+00BF (decimal 191)
   defining Unicode char U+00C5 (decimal 197)
   defining Unicode char U+00C6 (decimal 198)
   defining Unicode char U+00D8 (decimal 216)
   defining Unicode char U+00DF (decimal 223)
   defining Unicode char U+00E6 (decimal 230)
   defining Unicode char U+00EC (decimal 236)
   defining Unicode char U+00ED (decimal 237)
   defining Unicode char U+00EE (decimal 238)
   defining Unicode char U+00EF (decimal 239)
   defining Unicode char U+00F8 (decimal 248)
   defining Unicode char U+0131 (decimal 305)
   defining Unicode char U+0141 (decimal 321)
   defining Unicode char U+0142 (decimal 322)
   defining Unicode char U+0152 (decimal 338)
   defining Unicode char U+0153 (decimal 339)
   defining Unicode char U+2013 (decimal 8211)
   defining Unicode char U+2014 (decimal 8212)
   defining Unicode char U+2018 (decimal 8216)
   defining Unicode char U+2019 (decimal 8217)
   defining Unicode char U+201C (decimal 8220)
   defining Unicode char U+201D (decimal 8221)
)
Now handling font encoding OMS ...
... processing UTF-8 mapping file for font encoding OMS

(/apps/applications/texlive/2013/1/default/2013/texmf-dist/tex/latex/base/omsen
c.dfu
File: omsenc.dfu 2008/04/05 v1.1m UTF-8 support for inputenc
   defining Unicode char U+00A7 (decimal 167)
   defining Unicode char U+00B6 (decimal 182)
   defining Unicode char U+00B7 (decimal 183)
   defining Unicode char U+2020 (decimal 8224)
   defining Unicode char U+2021 (decimal 8225)
   defining Unicode char U+2022 (decimal 8226)
)
Now handling font encoding OMX ...
... no UTF-8 mapping file for font encoding OMX
Now handling font encoding U ...
... no UTF-8 mapping file for font encoding U
   defining Unicode char U+00A9 (decimal 169)
   defining Unicode char U+00AA (decimal 170)
   defining Unicode char U+00AE (decimal 174)
   defining Unicode char U+00BA (decimal 186)
   defining Unicode char U+02C6 (decimal 710)
   defining Unicode char U+02DC (decimal 732)
   defining Unicode char U+200C (decimal 8204)
   defining Unicode char U+2026 (decimal 8230)
   defining Unicode char U+2122 (decimal 8482)
   defining Unicode char U+2423 (decimal 9251)
))
(/apps/applications/texlive/2013/1/default/2013/texmf-dist/tex/latex/graphics/c
olor.sty
Package: color 2005/11/14 v1.0j Standard LaTeX Color (DPC)

(/apps/applications/texlive/2013/1/default/2013/texmf-dist/tex/latex/latexconfi
g/color.cfg
File: color.cfg 2007/01/18 v1.5 color configuration of teTeX/TeXLive
)
Package color Info: Driver file: pdftex.def on input line 130.

(/apps/applications/texlive/2013/1/default/2013/texmf-dist/tex/latex/pdftex-def
/pdftex.def
File: pdftex.def 2011/05/27 v0.06d Graphics/color for pdfTeX

(/apps/applications/texlive/2013/1/default/2013/texmf-dist/tex/generic/oberdiek
/infwarerr.sty
Package: infwarerr 2010/04/08 v1.3 Providing info/warning/error messages (HO)
)
(/apps/applications/texlive/2013/1/default/2013/texmf-dist/tex/generic/oberdiek
/ltxcmds.sty
Package: ltxcmds 2011/11/09 v1.22 LaTeX kernel commands for general use (HO)
)
\Gread@gobject=\count101
))
(/apps/applications/texlive/2013/1/default/2013/texmf-dist/tex/latex/fancyvrb/f
ancyvrb.sty
Package: fancyvrb 2008/02/07

Style option: `fancyvrb' v2.7a, with DG/SPQR fixes, and firstline=lastline fix 
<2008/02/07> (tvz)
\FV@CodeLineNo=\count102
\FV@InFile=\read1
\FV@TabBox=\box28
\c@FancyVerbLine=\count103
\FV@StepNumber=\count104
\FV@OutFile=\write3
)
(/apps/applications/texlive/2013/1/default/2013/texmf-dist/tex/latex/tools/enum
erate.sty
Package: enumerate 1999/03/05 v3.00 enumerate extensions (DPC)
\@enLab=\toks24
)
(/apps/applications/texlive/2013/1/default/2013/texmf-dist/tex/latex/graphics/g
raphicx.sty
Package: graphicx 1999/02/16 v1.0f Enhanced LaTeX Graphics (DPC,SPQR)

(/apps/applications/texlive/2013/1/default/2013/texmf-dist/tex/latex/graphics/g
raphics.sty
Package: graphics 2009/02/05 v1.0o Standard LaTeX Graphics (DPC,SPQR)

(/apps/applications/texlive/2013/1/default/2013/texmf-dist/tex/latex/graphics/t
rig.sty
Package: trig 1999/03/16 v1.09 sin cos tan (DPC)
)
(/apps/applications/texlive/2013/1/default/2013/texmf-dist/tex/latex/latexconfi
g/graphics.cfg
File: graphics.cfg 2010/04/23 v1.9 graphics configuration of TeX Live
)
Package graphics Info: Driver file: pdftex.def on input line 91.
)
\Gin@req@height=\dimen113
\Gin@req@width=\dimen114
)
(/apps/applications/texlive/2013/1/default/2013/texmf-dist/tex/latex/hyperref/h
yperref.sty
Package: hyperref 2012/11/06 v6.83m Hypertext links for LaTeX

(/apps/applications/texlive/2013/1/default/2013/texmf-dist/tex/generic/oberdiek
/hobsub-hyperref.sty
Package: hobsub-hyperref 2012/05/28 v1.13 Bundle oberdiek, subset hyperref (HO)


(/apps/applications/texlive/2013/1/default/2013/texmf-dist/tex/generic/oberdiek
/hobsub-generic.sty
Package: hobsub-generic 2012/05/28 v1.13 Bundle oberdiek, subset generic (HO)
Package: hobsub 2012/05/28 v1.13 Construct package bundles (HO)
Package hobsub Info: Skipping package `infwarerr' (already loaded).
Package hobsub Info: Skipping package `ltxcmds' (already loaded).
Package: ifluatex 2010/03/01 v1.3 Provides the ifluatex switch (HO)
Package ifluatex Info: LuaTeX not detected.
Package: ifvtex 2010/03/01 v1.5 Detect VTeX and its facilities (HO)
Package ifvtex Info: VTeX not detected.
Package: intcalc 2007/09/27 v1.1 Expandable calculations with integers (HO)
Package: ifpdf 2011/01/30 v2.3 Provides the ifpdf switch (HO)
Package ifpdf Info: pdfTeX in PDF mode is detected.
Package: etexcmds 2011/02/16 v1.5 Avoid name clashes with e-TeX commands (HO)
Package etexcmds Info: Could not find \expanded.
(etexcmds)             That can mean that you are not using pdfTeX 1.50 or
(etexcmds)             that some package has redefined \expanded.
(etexcmds)             In the latter case, load this package earlier.
Package: kvsetkeys 2012/04/25 v1.16 Key value parser (HO)
Package: kvdefinekeys 2011/04/07 v1.3 Define keys (HO)
Package: pdftexcmds 2011/11/29 v0.20 Utility functions of pdfTeX for LuaTeX (HO
)
Package pdftexcmds Info: LuaTeX not detected.
Package pdftexcmds Info: \pdf@primitive is available.
Package pdftexcmds Info: \pdf@ifprimitive is available.
Package pdftexcmds Info: \pdfdraftmode found.
Package: pdfescape 2011/11/25 v1.13 Implements pdfTeX's escape features (HO)
Package: bigintcalc 2012/04/08 v1.3 Expandable calculations on big integers (HO
)
Package: bitset 2011/01/30 v1.1 Handle bit-vector datatype (HO)
Package: uniquecounter 2011/01/30 v1.2 Provide unlimited unique counter (HO)
)
Package hobsub Info: Skipping package `hobsub' (already loaded).
Package: letltxmacro 2010/09/02 v1.4 Let assignment for LaTeX macros (HO)
Package: hopatch 2012/05/28 v1.2 Wrapper for package hooks (HO)
Package: xcolor-patch 2011/01/30 xcolor patch
Package: atveryend 2011/06/30 v1.8 Hooks at the very end of document (HO)
Package atveryend Info: \enddocument detected (standard20110627).
Package: atbegshi 2011/10/05 v1.16 At begin shipout hook (HO)
Package: refcount 2011/10/16 v3.4 Data extraction from label references (HO)
Package: hycolor 2011/01/30 v1.7 Color options for hyperref/bookmark (HO)
)
(/apps/applications/texlive/2013/1/default/2013/texmf-dist/tex/latex/oberdiek/a
uxhook.sty
Package: auxhook 2011/03/04 v1.3 Hooks for auxiliary files (HO)
)
(/apps/applications/texlive/2013/1/default/2013/texmf-dist/tex/latex/oberdiek/k
voptions.sty
Package: kvoptions 2011/06/30 v3.11 Key value format for package options (HO)
)
\@linkdim=\dimen115
\Hy@linkcounter=\count105
\Hy@pagecounter=\count106

(/apps/applications/texlive/2013/1/default/2013/texmf-dist/tex/latex/hyperref/p
d1enc.def
File: pd1enc.def 2012/11/06 v6.83m Hyperref: PDFDocEncoding definition (HO)
Now handling font encoding PD1 ...
... no UTF-8 mapping file for font encoding PD1
)
\Hy@SavedSpaceFactor=\count107

(/apps/applications/texlive/2013/1/default/2013/texmf-dist/tex/latex/latexconfi
g/hyperref.cfg
File: hyperref.cfg 2002/06/06 v1.2 hyperref configuration of TeXLive
)
Package hyperref Info: Option `unicode' set `true' on input line 4319.

(/apps/applications/texlive/2013/1/default/2013/texmf-dist/tex/latex/hyperref/p
uenc.def
File: puenc.def 2012/11/06 v6.83m Hyperref: PDF Unicode definition (HO)
Now handling font encoding PU ...
... no UTF-8 mapping file for font encoding PU
)
Package hyperref Info: Hyper figures OFF on input line 4443.
Package hyperref Info: Link nesting OFF on input line 4448.
Package hyperref Info: Hyper index ON on input line 4451.
Package hyperref Info: Plain pages OFF on input line 4458.
Package hyperref Info: Backreferencing OFF on input line 4463.
Package hyperref Info: Implicit mode ON; LaTeX internals redefined.
Package hyperref Info: Bookmarks ON on input line 4688.
\c@Hy@tempcnt=\count108

(/apps/applications/texlive/2013/1/default/2013/texmf-dist/tex/latex/url/url.st
y
\Urlmuskip=\muskip11
Package: url 2006/04/12  ver 3.3  Verb mode for urls, etc.
)
LaTeX Info: Redefining \url on input line 5041.
\XeTeXLinkMargin=\dimen116
\Fld@menulength=\count109
\Field@Width=\dimen117
\Fld@charsize=\dimen118
Package hyperref Info: Hyper figures OFF on input line 6295.
Package hyperref Info: Link nesting OFF on input line 6300.
Package hyperref Info: Hyper index ON on input line 6303.
Package hyperref Info: backreferencing OFF on input line 6310.
Package hyperref Info: Link coloring OFF on input line 6315.
Package hyperref Info: Link coloring with OCG OFF on input line 6320.
Package hyperref Info: PDF/A mode OFF on input line 6325.
LaTeX Info: Redefining \ref on input line 6365.
LaTeX Info: Redefining \pageref on input line 6369.
\Hy@abspage=\count110
\c@Item=\count111
\c@Hfootnote=\count112
)

Package hyperref Message: Driver (autodetected): hpdftex.


(/apps/applications/texlive/2013/1/default/2013/texmf-dist/tex/latex/hyperref/h
pdftex.def
File: hpdftex.def 2012/11/06 v6.83m Hyperref driver for pdfTeX
\Fld@listcount=\count113
\c@bookmark@seq@number=\count114

(/apps/applications/texlive/2013/1/default/2013/texmf-dist/tex/latex/oberdiek/r
erunfilecheck.sty
Package: rerunfilecheck 2011/04/15 v1.7 Rerun checks for auxiliary files (HO)
Package uniquecounter Info: New unique counter `rerunfilecheck' on input line 2
82.
)
\Hy@SectionHShift=\skip47
)
Package hyperref Info: Option `breaklinks' set `true' on input line 70.


Package hyperref Warning: Option `bookmarks' has already been used,
(hyperref)                setting the option has no effect on input line 70.

Package hyperref Info: Option `colorlinks' set `true' on input line 70.
(./chapter.aux)
\openout1 = `chapter.aux'.

LaTeX Font Info:    Checking defaults for OML/cmm/m/it on input line 79.
LaTeX Font Info:    ... okay on input line 79.
LaTeX Font Info:    Checking defaults for T1/cmr/m/n on input line 79.
LaTeX Font Info:    ... okay on input line 79.
LaTeX Font Info:    Checking defaults for OT1/cmr/m/n on input line 79.
LaTeX Font Info:    ... okay on input line 79.
LaTeX Font Info:    Checking defaults for OMS/cmsy/m/n on input line 79.
LaTeX Font Info:    ... okay on input line 79.
LaTeX Font Info:    Checking defaults for OMX/cmex/m/n on input line 79.
LaTeX Font Info:    ... okay on input line 79.
LaTeX Font Info:    Checking defaults for U/cmr/m/n on input line 79.
LaTeX Font Info:    ... okay on input line 79.
LaTeX Font Info:    Checking defaults for PD1/pdf/m/n on input line 79.
LaTeX Font Info:    ... okay on input line 79.
LaTeX Font Info:    Checking defaults for PU/pdf/m/n on input line 79.
LaTeX Font Info:    ... okay on input line 79.
LaTeX Font Info:    Try loading font information for T1+lmr on input line 79.

(/apps/applications/texlive/2013/1/default/2013/texmf-dist/tex/latex/lm/t1lmr.f
d
File: t1lmr.fd 2009/10/30 v1.6 Font defs for Latin Modern
)
LaTeX Info: Redefining \microtypecontext on input line 79.
Package microtype Info: Generating PDF output.
Package microtype Info: Character protrusion enabled (level 2).
Package microtype Info: Using default protrusion set `alltext'.
Package microtype Info: Automatic font expansion enabled (level 2),
(microtype)             stretch: 20, shrink: 20, step: 1, non-selected.
Package microtype Info: Using default expansion set `basictext'.
Package microtype Info: No adjustment of tracking.
Package microtype Info: No adjustment of interword spacing.
Package microtype Info: No adjustment of character kerning.

(/apps/applications/texlive/2013/1/default/2013/texmf-dist/tex/latex/microtype/
mt-cmr.cfg
File: mt-cmr.cfg 2013/05/19 v2.2 microtype config. file: Computer Modern Roman 
(RS)
)
(/apps/applications/texlive/2013/1/default/2013/texmf-dist/tex/context/base/sup
p-pdf.mkii
[Loading MPS to PDF converter (version 2006.09.02).]
\scratchcounter=\count115
\scratchdimen=\dimen119
\scratchbox=\box29
\nofMPsegments=\count116
\nofMParguments=\count117
\everyMPshowfont=\toks25
\MPscratchCnt=\count118
\MPscratchDim=\dimen120
\MPnumerator=\count119
\makeMPintoPDFobject=\count120
\everyMPtoPDFconversion=\toks26
)
(/apps/applications/texlive/2013/1/default/2013/texmf-dist/tex/latex/oberdiek/e
pstopdf-base.sty
Package: epstopdf-base 2010/02/09 v2.5 Base part for package epstopdf

(/apps/applications/texlive/2013/1/default/2013/texmf-dist/tex/latex/oberdiek/g
rfext.sty
Package: grfext 2010/08/19 v1.1 Manage graphics extensions (HO)
)
Package grfext Info: Graphics extension search list:
(grfext)             [.png,.pdf,.jpg,.mps,.jpeg,.jbig2,.jb2,.PNG,.PDF,.JPG,.JPE
G,.JBIG2,.JB2,.eps]
(grfext)             \AppendGraphicsExtensions on input line 452.

(/apps/applications/texlive/2013/1/default/2013/texmf-dist/tex/latex/latexconfi
g/epstopdf-sys.cfg
File: epstopdf-sys.cfg 2010/07/13 v1.3 Configuration of (r)epstopdf for TeX Liv
e
))
\AtBeginShipoutBox=\box30
Package hyperref Info: Link coloring ON on input line 79.

(/apps/applications/texlive/2013/1/default/2013/texmf-dist/tex/latex/hyperref/n
ameref.sty
Package: nameref 2012/10/27 v2.43 Cross-referencing by name of section

(/apps/applications/texlive/2013/1/default/2013/texmf-dist/tex/generic/oberdiek
/gettitlestring.sty
Package: gettitlestring 2010/12/03 v1.4 Cleanup title references (HO)
)
\c@section@level=\count121
)
LaTeX Info: Redefining \ref on input line 79.
LaTeX Info: Redefining \pageref on input line 79.
LaTeX Info: Redefining \nameref on input line 79.
 (./chapter.out) (./chapter.out)
\@outlinefile=\write4
\openout4 = `chapter.out'.

 [1

{/apps/applications/texlive/2013/1/default/2013/texmf-var/fonts/map/pdftex/updm
ap/pdftex.map}]
LaTeX Font Info:    Try loading font information for T1+lmtt on input line 183.


(/apps/applications/texlive/2013/1/default/2013/texmf-dist/tex/latex/lm/t1lmtt.
fd
File: t1lmtt.fd 2009/10/30 v1.6 Font defs for Latin Modern
)
Package microtype Info: Loading generic settings for font family
(microtype)             `lmtt' (encoding: T1).
(microtype)             For optimal results, create family-specific settings.
(microtype)             See the microtype manual for details.
 [2] [3]
LaTeX Font Info:    Font shape `T1/lmtt/bx/n' in size <10> not available
(Font)              Font shape `T1/lmtt/b/n' tried instead on input line 255.
 [4]
Overfull \hbox (500.24754pt too wide) in paragraph at lines 304--304
[]\T1/lmtt/m/n/10 ## Error: error in evaluating the argument 'CRSobj' in select
ing a method for function 'spTransform': Error in CRS("+init=ESRI:54030") : no 
system list, errno: 2[] 
 []


<figure/World_map_with_continuous_colour_ramp_fill.png, id=199, 505.89pt x 505.
89pt>
File: figure/World_map_with_continuous_colour_ramp_fill.png Graphic file (type 
png)
 <use figure/World_map_with_continuous_colour_ramp_fill.png>
Package pdftex.def Info: figure/World_map_with_continuous_colour_ramp_fill.png 
used on input line 339.
(pdftex.def)             Requested size: 345.0pt x 345.00414pt.
 [5] [6 <./figure/World_map_with_continuous_colour_ramp_fill.png (PNG copy)>]
<figure/World_map_with_custom_lines_added1.png, id=209, 505.89pt x 505.89pt>
File: figure/World_map_with_custom_lines_added1.png Graphic file (type png)

<use figure/World_map_with_custom_lines_added1.png>
Package pdftex.def Info: figure/World_map_with_custom_lines_added1.png used on 
input line 405.
(pdftex.def)             Requested size: 345.0pt x 345.00414pt.

<figure/World_map_with_custom_lines_added2.png, id=210, 505.89pt x 505.89pt>
File: figure/World_map_with_custom_lines_added2.png Graphic file (type png)

<use figure/World_map_with_custom_lines_added2.png>
Package pdftex.def Info: figure/World_map_with_custom_lines_added2.png used on 
input line 417.
(pdftex.def)             Requested size: 345.0pt x 345.00414pt.

<figure/World_map_with_custom_lines_added3.png, id=211, 505.89pt x 505.89pt>
File: figure/World_map_with_custom_lines_added3.png Graphic file (type png)

<use figure/World_map_with_custom_lines_added3.png>
Package pdftex.def Info: figure/World_map_with_custom_lines_added3.png used on 
input line 432.
(pdftex.def)             Requested size: 345.0pt x 345.00414pt.

<figure/World_map_with_a_North_arrow.png, id=212, 505.89pt x 505.89pt>
File: figure/World_map_with_a_North_arrow.png Graphic file (type png)

<use figure/World_map_with_a_North_arrow.png>
Package pdftex.def Info: figure/World_map_with_a_North_arrow.png used on input 
line 451.
(pdftex.def)             Requested size: 345.0pt x 345.00414pt.
LaTeX Font Info:    Try loading font information for OT1+lmr on input line 458.


(/apps/applications/texlive/2013/1/default/2013/texmf-dist/tex/latex/lm/ot1lmr.
fd
File: ot1lmr.fd 2009/10/30 v1.6 Font defs for Latin Modern
)
LaTeX Font Info:    Try loading font information for OML+lmm on input line 458.


(/apps/applications/texlive/2013/1/default/2013/texmf-dist/tex/latex/lm/omllmm.
fd
File: omllmm.fd 2009/10/30 v1.6 Font defs for Latin Modern
)
LaTeX Font Info:    Try loading font information for OMS+lmsy on input line 458
.

(/apps/applications/texlive/2013/1/default/2013/texmf-dist/tex/latex/lm/omslmsy
.fd
File: omslmsy.fd 2009/10/30 v1.6 Font defs for Latin Modern
)
LaTeX Font Info:    Try loading font information for OMX+lmex on input line 458
.

(/apps/applications/texlive/2013/1/default/2013/texmf-dist/tex/latex/lm/omxlmex
.fd
File: omxlmex.fd 2009/10/30 v1.6 Font defs for Latin Modern
)
LaTeX Font Info:    External font `lmex10' loaded for size
(Font)              <10> on input line 458.
LaTeX Font Info:    External font `lmex10' loaded for size
(Font)              <7> on input line 458.
LaTeX Font Info:    External font `lmex10' loaded for size
(Font)              <5> on input line 458.
LaTeX Font Info:    Try loading font information for U+msa on input line 458.

(/apps/applications/texlive/2013/1/default/2013/texmf-dist/tex/latex/amsfonts/u
msa.fd
File: umsa.fd 2013/01/14 v3.01 AMS symbols A
)
(/apps/applications/texlive/2013/1/default/2013/texmf-dist/tex/latex/microtype/
mt-msa.cfg
File: mt-msa.cfg 2006/02/04 v1.1 microtype config. file: AMS symbols (a) (RS)
)
LaTeX Font Info:    Try loading font information for U+msb on input line 458.

(/apps/applications/texlive/2013/1/default/2013/texmf-dist/tex/latex/amsfonts/u
msb.fd
File: umsb.fd 2013/01/14 v3.01 AMS symbols B
)
(/apps/applications/texlive/2013/1/default/2013/texmf-dist/tex/latex/microtype/
mt-msb.cfg
File: mt-msb.cfg 2005/06/01 v1.0 microtype config. file: AMS symbols (b) (RS)
)
Overfull \hbox (25.92262pt too wide) in paragraph at lines 457--464
\T1/lmr/m/n/10 (-20) hscale_segment = func-tion(breaks, ...) { y = unique(break
s$\OML/lmm/m/it/10 y\OT1/lmr/m/n/10 (-20) )\OML/lmm/m/it/10 stopifnot\OT1/lmr/m
/n/10 (-20) (\OML/lmm/m/it/10 length\OT1/lmr/m/n/10 (-20) (\OML/lmm/m/it/10 y\O
T1/lmr/m/n/10 (-20) ) ==
 []

[7] [8 <./figure/World_map_with_custom_lines_added1.png>] [9 <./figure/World_ma
p_with_custom_lines_added2.png>] [10 <./figure/World_map_with_custom_lines_adde
d3.png (PNG copy)>] [11 <./figure/World_map_with_a_North_arrow.png (PNG copy)>]
[12]
Overfull \hbox (43.49887pt too wide) in paragraph at lines 526--526
[]\T1/lmtt/m/n/10 ## Geospatial Data Abstraction Library extensions to R succes
sfully loaded[] 
 []


Overfull \hbox (17.24895pt too wide) in paragraph at lines 526--526
[]\T1/lmtt/m/n/10 ## Loaded PROJ.4 runtime: Rel. 4.8.0, 6 March 2012, [PJ_VERSI
ON: 480][] 
 []


Overfull \hbox (1.499pt too wide) in paragraph at lines 537--537
[]\T1/lmtt/m/n/10 ## [1] "waypoints"    "routes"       "tracks"       "route_po
ints"[] 
 []

<figure/Leeds_to_Sheffield_GPS_data.png, id=248, 505.89pt x 505.89pt>
File: figure/Leeds_to_Sheffield_GPS_data.png Graphic file (type png)

<use figure/Leeds_to_Sheffield_GPS_data.png>
Package pdftex.def Info: figure/Leeds_to_Sheffield_GPS_data.png used on input l
ine 574.
(pdftex.def)             Requested size: 345.0pt x 345.00414pt.
 [13] [14 <./figure/Leeds_to_Sheffield_GPS_data.png>] [15]
Overfull \hbox (37.98639pt too wide) in paragraph at lines 671--671
[]\T1/lmtt/m/n/10 ##  [1] 1 1 1 1 1 1 1 1 1 1 1 1 1 1 1 1 1 1 1 1 1 1 1 1 1 1 1
 1 1 1 1 1 1[] 
 []

[16] [17]
<figure/Illustration_of_a_one-to-one_spatial_join_.png, id=273, 505.89pt x 505.
89pt>
File: figure/Illustration_of_a_one-to-one_spatial_join_.png Graphic file (type 
png)
 <use figure/Illustration_of_a_one-to-one_spatial_join_.png>
Package pdftex.def Info: figure/Illustration_of_a_one-to-one_spatial_join_.png 
used on input line 834.
(pdftex.def)             Requested size: 345.0pt x 345.00414pt.
 [18] [19 <./figure/Illustration_of_a_one-to-one_spatial_join_.png>]
<figure/Input_data_for_a_spatial_join.png, id=288, 505.89pt x 505.89pt>
File: figure/Input_data_for_a_spatial_join.png Graphic file (type png)

<use figure/Input_data_for_a_spatial_join.png>
Package pdftex.def Info: figure/Input_data_for_a_spatial_join.png used on input
 line 868.
(pdftex.def)             Requested size: 345.0pt x 345.00414pt.
 [20 <./figure/Input_data_for_a_spatial_join.png>]
Overfull \hbox (14.62395pt too wide) in paragraph at lines 900--900
[]\T1/lmtt/m/n/10 ## Warning: A new CRS was assigned to an object with an exist
ing CRS:[] 
 []


Overfull \hbox (206.2484pt too wide) in paragraph at lines 900--900
[]\T1/lmtt/m/n/10 ## +proj=tmerc +lat_0=49 +lon_0=-2 +k=0.9996012717 +x_0=40000
0 +y_0=-100000 +ellps=airy +units=m +no_defs[] 
 []

<figure/A_spatial_subset_of_the_points.png, id=295, 505.89pt x 505.89pt>
File: figure/A_spatial_subset_of_the_points.png Graphic file (type png)

<use figure/A_spatial_subset_of_the_points.png>
Package pdftex.def Info: figure/A_spatial_subset_of_the_points.png used on inpu
t line 911.
(pdftex.def)             Requested size: 345.0pt x 345.00414pt.
 [21] [22 <./figure/A_spatial_subset_of_the_points.png>] <figure/nStations.png,
 id=307, 602.25pt x 552.0625pt>
File: figure/nStations.png Graphic file (type png)

<use figure/nStations.png>
Package pdftex.def Info: figure/nStations.png used on input line 975.
(pdftex.def)             Requested size: 345.0pt x 316.26256pt.

Overfull \hbox (27.74892pt too wide) in paragraph at lines 997--997
[]\T1/lmtt/m/n/10 ##    CODE          LEGEND FILE_NAME NUMBER                  
 NAME MICE[] 
 []


Overfull \hbox (27.74892pt too wide) in paragraph at lines 997--997
[]\T1/lmtt/m/n/10 ## 91 5520 Railway Station  gb_south  17607        Belmont St
ation   19[] 
 []


Overfull \hbox (27.74892pt too wide) in paragraph at lines 997--997
[]\T1/lmtt/m/n/10 ## 92 5520 Railway Station  gb_south  17608  Woodmansterne St
ation    5[] 
 []


Overfull \hbox (27.48642pt too wide) in paragraph at lines 997--997
[]\T1/lmtt/m/n/10 ## 93 5520 Railway Station  gb_south  17609 Coulsdon South St
ation   11[] 
 []


Overfull \hbox (27.48642pt too wide) in paragraph at lines 997--997
[]\T1/lmtt/m/n/10 ## 94 5520 Railway Station  gb_south  17610        Smitham St
ation   14[] 
 []


Overfull \hbox (27.48642pt too wide) in paragraph at lines 997--997
[]\T1/lmtt/m/n/10 ## 95 5520 Railway Station  gb_south  17611         Kenley St
ation   11[] 
 []


Overfull \hbox (27.74892pt too wide) in paragraph at lines 997--997
[]\T1/lmtt/m/n/10 ## 96 5520 Railway Station  gb_south  17612        Reedham St
ation    8[] 
 []

[23] [24 <./figure/nStations.png (PNG copy)>]
Package atveryend Info: Empty hook `BeforeClearDocument' on input line 1060.
 [25]
Package atveryend Info: Empty hook `AfterLastShipout' on input line 1060.
 (./chapter.aux)
Package atveryend Info: Executing hook `AtVeryEndDocument' on input line 1060.
Package atveryend Info: Executing hook `AtEndAfterFileList' on input line 1060.

Package rerunfilecheck Info: File `chapter.out' has not changed.
(rerunfilecheck)             Checksum: 42C91087537D868AFA208A859D0A8EDD;7557.
Package atveryend Info: Empty hook `AtVeryVeryEnd' on input line 1060.
 ) 
Here is how much of TeX's memory you used:
 11845 strings out of 493308
 175266 string characters out of 6127609
 268978 words of memory out of 5000000
 14952 multiletter control sequences out of 15000+600000
 45120 words of font info for 98 fonts, out of 8000000 for 9000
 957 hyphenation exceptions out of 8191
 30i,6n,35p,599b,495s stack positions out of 5000i,500n,10000p,200000b,80000s
{/apps/applications/texlive/2013/1/default/2013/texmf-dist/fonts/enc/dvips/lm
/lm-ec.enc}{/apps/applications/texlive/2013/1/default/2013/texmf-dist/fonts/enc
/dvips/lm/lm-mathsy.enc}{/apps/applications/texlive/2013/1/default/2013/texmf-d
ist/fonts/enc/dvips/lm/lm-rm.enc}{/apps/applications/texlive/2013/1/default/201
3/texmf-dist/fonts/enc/dvips/lm/lm-mathit.enc}</apps/applications/texlive/2013/
1/default/2013/texmf-dist/fonts/type1/public/lm/lmbx10.pfb></apps/applications/
texlive/2013/1/default/2013/texmf-dist/fonts/type1/public/lm/lmbx12.pfb></apps/
applications/texlive/2013/1/default/2013/texmf-dist/fonts/type1/public/lm/lmmi1
0.pfb></apps/applications/texlive/2013/1/default/2013/texmf-dist/fonts/type1/pu
blic/lm/lmr10.pfb></apps/applications/texlive/2013/1/default/2013/texmf-dist/fo
nts/type1/public/lm/lmri10.pfb></apps/applications/texlive/2013/1/default/2013/
texmf-dist/fonts/type1/public/lm/lmsy10.pfb></apps/applications/texlive/2013/1/
default/2013/texmf-dist/fonts/type1/public/lm/lmtk10.pfb></apps/applications/te
xlive/2013/1/default/2013/texmf-dist/fonts/type1/public/lm/lmtt10.pfb></apps/ap
plications/texlive/2013/1/default/2013/texmf-dist/fonts/type1/public/lm/lmtti10
.pfb>
Output written on chapter.pdf (25 pages, 434327 bytes).
PDF statistics:
 379 PDF objects out of 1000 (max. 8388607)
 323 compressed objects within 4 object streams
 84 named destinations out of 1000 (max. 500000)
 13187 words of extra memory for PDF output out of 14400 (max. 10000000)

