\BOOKMARK [1][-]{section*.1}{\376\377\000I\000n\000t\000r\000o\000d\000u\000c\000t\000i\000o\000n}{}% 1
\BOOKMARK [2][-]{section*.2}{\376\377\000W\000h\000a\000t\000\040\000i\000s\000\040\000R\000?}{section*.1}% 2
\BOOKMARK [2][-]{section*.3}{\376\377\000T\000h\000e\000\040\000r\000i\000s\000e\000\040\000o\000f\000\040\000R\000'\000s\000\040\000s\000p\000a\000t\000i\000a\000l\000\040\000c\000a\000p\000a\000b\000i\000l\000i\000t\000i\000e\000s}{section*.1}% 3
\BOOKMARK [2][-]{section*.4}{\376\377\000W\000h\000y\000\040\000R\000\040\000f\000o\000r\000\040\000s\000p\000a\000t\000i\000a\000l\000\040\000d\000a\000t\000a\000\040\000v\000i\000s\000u\000a\000l\000i\000s\000a\000t\000i\000o\000n\000?}{section*.1}% 4
\BOOKMARK [2][-]{section*.5}{\376\377\000R\000\040\000f\000o\000r\000\040\000R\000e\000p\000r\000o\000d\000u\000c\000i\000b\000l\000e\000\040\000r\000e\000s\000e\000a\000r\000c\000h}{section*.1}% 5
\BOOKMARK [2][-]{section*.6}{\376\377\000R\000\040\000i\000n\000\040\000t\000h\000e\000\040\000w\000i\000l\000d}{section*.1}% 6
\BOOKMARK [2][-]{section*.7}{\376\377\000A\000n\000\040\000i\000n\000t\000r\000o\000d\000u\000c\000t\000o\000r\000y\000\040\000s\000e\000s\000s\000i\000o\000n}{section*.1}% 7
\BOOKMARK [2][-]{section*.8}{\376\377\000C\000h\000a\000p\000t\000e\000r\000\040\000o\000v\000e\000r\000v\000i\000e\000w}{section*.1}% 8
\BOOKMARK [2][-]{section*.9}{\376\377\000E\000n\000d\000n\000o\000t\000e\000s}{section*.1}% 9
\BOOKMARK [1][-]{section*.10}{\376\377\000g\000e\000t\000\040\000d\000a\000t\000a\000-\000\040\000m\000a\000p\000\040\000o\000f\000\040\000t\000h\000e\000\040\000w\000o\000r\000l\000d}{}% 10
\BOOKMARK [1][-]{section*.11}{\376\377\000r\000e\000a\000d\000\040\000s\000h\000a\000p\000e\000\040\000f\000i\000l\000e\000\040\000u\000s\000i\000n\000g\000\040\000r\000g\000d\000a\000l\000\040\000l\000i\000b\000r\000a\000r\000y}{}% 11
\BOOKMARK [1][-]{section*.12}{\376\377\000t\000r\000a\000n\000s\000f\000o\000r\000m\000\040\000t\000h\000i\000s\000\040\000t\000o\000\040\000t\000h\000e\000\040\000r\000o\000b\000i\000n\000s\000o\000n\000\040\000p\000r\000o\000j\000e\000c\000t\000i\000o\000n\000-\000\040\000t\000h\000i\000s\000\040\000i\000s\000\040\000m\000u\000c\000h\000\040\000b\000e\000t\000t\000e\000r\000\040\000f\000o\000r\000\040\000s\000h\000o\000w\000i\000n\000g\000\040\000p\000o\000p\000u\000l\000a\000t\000i\000o\000n\000\040\000d\000a\000t\000a\000s\000e\000t\000s}{}% 12
\BOOKMARK [1][-]{section*.13}{\376\377\000c\000o\000n\000t\000i\000n\000u\000o\000u\000s\000\040\000c\000o\000l\000o\000u\000r\000\040\000r\000a\000m\000p}{}% 13
\BOOKMARK [1][-]{section*.14}{\376\377\000b\000e\000t\000t\000e\000r\000\040\000c\000o\000l\000o\000u\000r\000s\000\040\000w\000i\000t\000h\000\040\000m\000o\000r\000e\000\040\000b\000r\000e\000a\000k\000s\000-\000\040\000t\000o\000\040\000f\000i\000n\000i\000s\000h}{}% 14
\BOOKMARK [1][-]{section*.15}{\376\377\000c\000a\000t\000e\000g\000o\000r\000i\000c\000a\000l\000\040\000v\000a\000r\000i\000a\000b\000l\000e\000s}{}% 15
\BOOKMARK [1][-]{section*.16}{\376\377\000C\000o\000n\000f\000o\000r\000m\000i\000n\000g\000\040\000t\000o\000\040\000c\000o\000l\000o\000u\000r\000\040\000c\000o\000n\000v\000e\000n\000t\000i\000o\000n\000s}{}% 16
\BOOKMARK [1][-]{section*.17}{\376\377\000E\000x\000p\000e\000r\000i\000m\000e\000n\000t\000i\000n\000g\000\040\000w\000i\000t\000h\000\040\000l\000i\000n\000e\000\040\000c\000o\000l\000o\000u\000r\000\040\000a\000n\000d\000\040\000l\000i\000n\000e\000\040\000w\000i\000d\000t\000h\000s}{}% 17
\BOOKMARK [1][-]{section*.18}{\376\377\000A\000n\000n\000o\000t\000a\000t\000i\000o\000n\000s}{}% 18
\BOOKMARK [1][-]{section*.19}{\376\377\000N\000o\000r\000t\000h\000\040\000a\000r\000r\000o\000w}{}% 19
\BOOKMARK [1][-]{section*.20}{\376\377\000s\000c\000a\000l\000e\000\040\000b\000a\000r\000-\000\040\000f\000o\000u\000n\000d\000\040\000t\000h\000i\000s\000\040\000f\000u\000n\000c\000t\000i\000o\000n}{}% 20
\BOOKMARK [1][-]{section*.21}{\376\377\000R\000\040\000a\000n\000d\000\040\000S\000p\000a\000t\000i\000a\000l\000\040\000D\000a\000t\000a}{}% 21
\BOOKMARK [2][-]{section*.22}{\376\377\000S\000p\000a\000t\000i\000a\000l\000\040\000D\000a\000t\000a\000\040\000i\000n\000\040\000R}{section*.21}% 22
\BOOKMARK [3][-]{section*.23}{\376\377\000L\000o\000a\000d\000i\000n\000g\000\040\000s\000p\000a\000t\000i\000a\000l\000\040\000d\000a\000t\000a\000\040\000i\000n\000\040\000R}{section*.22}% 23
\BOOKMARK [3][-]{section*.24}{\376\377\000T\000h\000e\000\040\000s\000i\000z\000e\000\040\000o\000f\000\040\000s\000p\000a\000t\000i\000a\000l\000\040\000d\000a\000t\000a\000s\000e\000t\000s\000\040\000i\000n\000\040\000R}{section*.22}% 24
\BOOKMARK [3][-]{section*.25}{\376\377\000S\000i\000m\000p\000l\000i\000f\000y\000i\000n\000g\000\040\000g\000e\000o\000m\000e\000t\000r\000i\000e\000s}{section*.22}% 25
\BOOKMARK [3][-]{section*.26}{\376\377\000S\000a\000v\000i\000n\000g\000\040\000a\000n\000d\000\040\000e\000x\000p\000o\000r\000t\000i\000n\000g\000\040\000s\000p\000a\000t\000i\000a\000l\000\040\000o\000b\000j\000e\000c\000t\000s}{section*.22}% 26
\BOOKMARK [2][-]{section*.27}{\376\377\000T\000h\000e\000\040\000s\000t\000r\000u\000c\000t\000u\000r\000e\000\040\000o\000f\000\040\000s\000p\000a\000t\000i\000a\000l\000\040\000d\000a\000t\000a\000\040\000i\000n\000\040\000R}{section*.21}% 27
\BOOKMARK [3][-]{section*.28}{\376\377\000S\000p\000a\000t\000i\000a\000l\000*\000\040\000d\000a\000t\000a}{section*.27}% 28
\BOOKMARK [3][-]{section*.33}{\376\377\000`\000F\000l\000a\000t\000t\000e\000n\000i\000n\000g\000'\000\040\000d\000a\000t\000a\000\040\000w\000i\000t\000h\000\040\000f\000o\000r\000t\000i\000f\000y}{section*.27}% 29
\BOOKMARK [2][-]{section*.34}{\376\377\000T\000h\000e\000\040\000m\000a\000i\000n\000\040\000s\000p\000a\000t\000i\000a\000l\000\040\000p\000a\000c\000k\000a\000g\000e\000s}{section*.21}% 30
\BOOKMARK [3][-]{section*.35}{\376\377\000s\000p}{section*.34}% 31
\BOOKMARK [3][-]{section*.36}{\376\377\000r\000g\000d\000a\000l}{section*.34}% 32
\BOOKMARK [3][-]{section*.37}{\376\377\000r\000g\000e\000o\000s}{section*.34}% 33
\BOOKMARK [2][-]{section*.38}{\376\377\000M\000a\000p\000s\000\040\000w\000i\000t\000h\000\040\000g\000g\000p\000l\000o\000t\0002}{section*.21}% 34
\BOOKMARK [3][-]{section*.39}{\376\377\000A\000d\000d\000i\000n\000g\000\040\000b\000a\000s\000e\000\040\000m\000a\000p\000s\000\040\000w\000i\000t\000h\000\040\000g\000g\000m\000a\000p}{section*.38}% 35
\BOOKMARK [2][-]{section*.40}{\376\377\000M\000a\000n\000i\000p\000u\000l\000a\000t\000i\000n\000g\000\040\000s\000p\000a\000t\000i\000a\000l\000\040\000d\000a\000t\000a}{section*.21}% 36
\BOOKMARK [3][-]{section*.41}{\376\377\000C\000o\000o\000r\000d\000i\000n\000a\000t\000e\000\040\000r\000e\000f\000e\000r\000e\000n\000c\000e\000\040\000s\000y\000s\000t\000e\000m\000s\000\040\000a\000n\000d\000\040\000t\000r\000a\000n\000s\000f\000o\000r\000m\000a\000t\000i\000o\000n\000s}{section*.40}% 37
\BOOKMARK [3][-]{section*.42}{\376\377\000A\000t\000t\000r\000i\000b\000u\000t\000e\000\040\000j\000o\000i\000n\000s}{section*.40}% 38
\BOOKMARK [3][-]{section*.43}{\376\377\000S\000p\000a\000t\000i\000a\000l\000\040\000j\000o\000i\000n\000s}{section*.40}% 39
\BOOKMARK [2][-]{section*.44}{\376\377\000S\000p\000a\000t\000i\000a\000l\000\040\000a\000g\000g\000r\000e\000g\000a\000t\000i\000o\000n}{section*.21}% 40
\BOOKMARK [3][-]{section*.45}{\376\377\000C\000l\000i\000p\000p\000i\000n\000g}{section*.44}% 41
\BOOKMARK [1][-]{section*.46}{\376\377\000R\000e\000f\000e\000r\000e\000n\000c\000e\000s}{}% 42
